2025-07-22 07:46:21.249 | INFO     | __main__:primeira_atividade:7 - minha primeira atividade!
2025-07-22 07:46:23.250 | INFO     | __main__:segunda_atividade:11 - minha segunda atividade!
2025-07-22 07:46:25.251 | INFO     | __main__:terceira_atividade:15 - minha terceira atividade!
2025-07-22 07:46:27.252 | INFO     | __main__:pipeline:24 - pipeline finalizou
2025-07-22 07:46:29.254 | INFO     | __main__:primeira_atividade:7 - minha primeira atividade!
2025-07-22 07:46:31.255 | INFO     | __main__:segunda_atividade:11 - minha segunda atividade!
2025-07-22 07:46:33.256 | INFO     | __main__:terceira_atividade:15 - minha terceira atividade!
2025-07-22 07:46:35.258 | INFO     | __main__:pipeline:24 - pipeline finalizou
2025-07-22 07:46:37.262 | INFO     | __main__:primeira_atividade:7 - minha primeira atividade!
2025-07-22 07:46:39.263 | INFO     | __main__:segunda_atividade:11 - minha segunda atividade!
2025-07-22 07:46:41.264 | INFO     | __main__:terceira_atividade:15 - minha terceira atividade!
2025-07-22 07:46:43.265 | INFO     | __main__:pipeline:24 - pipeline finalizou
2025-07-22 07:46:45.265 | INFO     | __main__:primeira_atividade:7 - minha primeira atividade!
2025-07-22 07:46:47.266 | INFO     | __main__:segunda_atividade:11 - minha segunda atividade!
2025-07-22 07:46:49.267 | INFO     | __main__:terceira_atividade:15 - minha terceira atividade!
2025-07-22 07:46:51.268 | INFO     | __main__:pipeline:24 - pipeline finalizou
2025-07-22 07:46:53.270 | INFO     | __main__:primeira_atividade:7 - minha primeira atividade!
2025-07-22 07:46:55.271 | INFO     | __main__:segunda_atividade:11 - minha segunda atividade!
2025-07-22 07:46:57.272 | INFO     | __main__:terceira_atividade:15 - minha terceira atividade!
2025-07-22 07:46:59.272 | INFO     | __main__:pipeline:24 - pipeline finalizou
2025-07-22 07:47:01.274 | INFO     | __main__:primeira_atividade:7 - minha primeira atividade!
2025-07-22 07:47:03.274 | INFO     | __main__:segunda_atividade:11 - minha segunda atividade!
2025-07-22 07:47:05.275 | INFO     | __main__:terceira_atividade:15 - minha terceira atividade!
2025-07-22 07:47:07.276 | INFO     | __main__:pipeline:24 - pipeline finalizou
2025-07-22 07:47:09.278 | INFO     | __main__:primeira_atividade:7 - minha primeira atividade!
2025-07-22 07:47:11.278 | INFO     | __main__:segunda_atividade:11 - minha segunda atividade!
2025-07-22 07:47:13.279 | INFO     | __main__:terceira_atividade:15 - minha terceira atividade!
2025-07-22 07:47:15.281 | INFO     | __main__:pipeline:24 - pipeline finalizou
2025-07-22 07:47:17.282 | INFO     | __main__:primeira_atividade:7 - minha primeira atividade!
2025-07-22 07:47:19.283 | INFO     | __main__:segunda_atividade:11 - minha segunda atividade!
2025-07-22 07:47:20.481 | INFO     | __main__:primeira_atividade:7 - minha primeira atividade!
2025-07-22 07:47:20.481 | INFO     | __main__:primeira_atividade:7 - minha primeira atividade!
2025-07-22 07:47:21.284 | INFO     | __main__:terceira_atividade:15 - minha terceira atividade!
2025-07-22 07:47:21.284 | INFO     | __main__:terceira_atividade:15 - minha terceira atividade!
2025-07-22 07:47:22.482 | INFO     | __main__:segunda_atividade:11 - minha segunda atividade!
2025-07-22 07:47:22.482 | INFO     | __main__:segunda_atividade:11 - minha segunda atividade!
2025-07-22 07:47:23.285 | INFO     | __main__:pipeline:24 - pipeline finalizou
2025-07-22 07:47:23.285 | INFO     | __main__:pipeline:24 - pipeline finalizou
2025-07-22 07:47:24.483 | INFO     | __main__:terceira_atividade:15 - minha terceira atividade!
2025-07-22 07:47:24.483 | INFO     | __main__:terceira_atividade:15 - minha terceira atividade!
2025-07-22 07:47:25.285 | INFO     | __main__:primeira_atividade:7 - minha primeira atividade!
2025-07-22 07:47:25.285 | INFO     | __main__:primeira_atividade:7 - minha primeira atividade!
2025-07-22 07:47:26.484 | INFO     | __main__:pipeline:24 - pipeline finalizou
2025-07-22 07:47:26.484 | INFO     | __main__:pipeline:24 - pipeline finalizou
2025-07-22 07:47:27.286 | INFO     | __main__:segunda_atividade:11 - minha segunda atividade!
2025-07-22 07:47:27.286 | INFO     | __main__:segunda_atividade:11 - minha segunda atividade!
2025-07-22 07:47:28.485 | INFO     | __main__:primeira_atividade:7 - minha primeira atividade!
2025-07-22 07:47:28.485 | INFO     | __main__:primeira_atividade:7 - minha primeira atividade!
2025-07-22 07:47:29.287 | INFO     | __main__:terceira_atividade:15 - minha terceira atividade!
2025-07-22 07:47:29.287 | INFO     | __main__:terceira_atividade:15 - minha terceira atividade!
2025-07-22 07:47:30.486 | INFO     | __main__:segunda_atividade:11 - minha segunda atividade!
2025-07-22 07:47:30.486 | INFO     | __main__:segunda_atividade:11 - minha segunda atividade!
2025-07-22 07:47:31.288 | INFO     | __main__:pipeline:24 - pipeline finalizou
2025-07-22 07:47:31.288 | INFO     | __main__:pipeline:24 - pipeline finalizou
2025-07-22 07:47:32.487 | INFO     | __main__:terceira_atividade:15 - minha terceira atividade!
2025-07-22 07:47:32.487 | INFO     | __main__:terceira_atividade:15 - minha terceira atividade!
2025-07-22 07:47:33.289 | INFO     | __main__:primeira_atividade:7 - minha primeira atividade!
2025-07-22 07:47:33.289 | INFO     | __main__:primeira_atividade:7 - minha primeira atividade!
2025-07-22 07:47:34.488 | INFO     | __main__:pipeline:24 - pipeline finalizou
2025-07-22 07:47:34.488 | INFO     | __main__:pipeline:24 - pipeline finalizou
2025-07-22 07:47:35.291 | INFO     | __main__:segunda_atividade:11 - minha segunda atividade!
2025-07-22 07:47:35.291 | INFO     | __main__:segunda_atividade:11 - minha segunda atividade!
2025-07-22 07:47:36.489 | INFO     | __main__:primeira_atividade:7 - minha primeira atividade!
2025-07-22 07:47:36.489 | INFO     | __main__:primeira_atividade:7 - minha primeira atividade!
2025-07-22 07:47:37.292 | INFO     | __main__:terceira_atividade:15 - minha terceira atividade!
2025-07-22 07:47:37.292 | INFO     | __main__:terceira_atividade:15 - minha terceira atividade!
2025-07-22 07:47:38.490 | INFO     | __main__:segunda_atividade:11 - minha segunda atividade!
2025-07-22 07:47:38.490 | INFO     | __main__:segunda_atividade:11 - minha segunda atividade!
2025-07-22 07:47:39.292 | INFO     | __main__:pipeline:24 - pipeline finalizou
2025-07-22 07:47:39.292 | INFO     | __main__:pipeline:24 - pipeline finalizou
2025-07-22 07:47:40.491 | INFO     | __main__:terceira_atividade:15 - minha terceira atividade!
2025-07-22 07:47:40.491 | INFO     | __main__:terceira_atividade:15 - minha terceira atividade!
2025-07-22 07:47:41.293 | INFO     | __main__:primeira_atividade:7 - minha primeira atividade!
2025-07-22 07:47:41.293 | INFO     | __main__:primeira_atividade:7 - minha primeira atividade!
2025-07-22 07:47:42.493 | INFO     | __main__:pipeline:24 - pipeline finalizou
2025-07-22 07:47:42.493 | INFO     | __main__:pipeline:24 - pipeline finalizou
2025-07-22 07:47:43.294 | INFO     | __main__:segunda_atividade:11 - minha segunda atividade!
2025-07-22 07:47:43.294 | INFO     | __main__:segunda_atividade:11 - minha segunda atividade!
2025-07-22 07:47:44.446 | INFO     | __main__:primeira_atividade:7 - minha primeira atividade!
2025-07-22 07:47:44.446 | INFO     | __main__:primeira_atividade:7 - minha primeira atividade!
2025-07-22 07:47:44.446 | INFO     | __main__:primeira_atividade:7 - minha primeira atividade!
2025-07-22 07:47:44.493 | INFO     | __main__:primeira_atividade:7 - minha primeira atividade!
2025-07-22 07:47:44.493 | INFO     | __main__:primeira_atividade:7 - minha primeira atividade!
2025-07-22 07:47:44.493 | INFO     | __main__:primeira_atividade:7 - minha primeira atividade!
2025-07-22 07:47:45.296 | INFO     | __main__:terceira_atividade:15 - minha terceira atividade!
2025-07-22 07:47:45.296 | INFO     | __main__:terceira_atividade:15 - minha terceira atividade!
2025-07-22 07:47:45.296 | INFO     | __main__:terceira_atividade:15 - minha terceira atividade!
2025-07-22 07:47:46.448 | INFO     | __main__:segunda_atividade:11 - minha segunda atividade!
2025-07-22 07:47:46.448 | INFO     | __main__:segunda_atividade:11 - minha segunda atividade!
2025-07-22 07:47:46.448 | INFO     | __main__:segunda_atividade:11 - minha segunda atividade!
2025-07-22 07:47:46.494 | INFO     | __main__:segunda_atividade:11 - minha segunda atividade!
2025-07-22 07:47:46.494 | INFO     | __main__:segunda_atividade:11 - minha segunda atividade!
2025-07-22 07:47:46.494 | INFO     | __main__:segunda_atividade:11 - minha segunda atividade!
2025-07-22 07:47:47.297 | INFO     | __main__:pipeline:24 - pipeline finalizou
2025-07-22 07:47:47.297 | INFO     | __main__:pipeline:24 - pipeline finalizou
2025-07-22 07:47:47.297 | INFO     | __main__:pipeline:24 - pipeline finalizou
2025-07-22 07:47:48.448 | INFO     | __main__:terceira_atividade:15 - minha terceira atividade!
2025-07-22 07:47:48.448 | INFO     | __main__:terceira_atividade:15 - minha terceira atividade!
2025-07-22 07:47:48.448 | INFO     | __main__:terceira_atividade:15 - minha terceira atividade!
2025-07-22 07:47:48.495 | INFO     | __main__:terceira_atividade:15 - minha terceira atividade!
2025-07-22 07:47:48.495 | INFO     | __main__:terceira_atividade:15 - minha terceira atividade!
2025-07-22 07:47:48.495 | INFO     | __main__:terceira_atividade:15 - minha terceira atividade!
2025-07-22 07:47:49.298 | INFO     | __main__:primeira_atividade:7 - minha primeira atividade!
2025-07-22 07:47:49.298 | INFO     | __main__:primeira_atividade:7 - minha primeira atividade!
2025-07-22 07:47:49.298 | INFO     | __main__:primeira_atividade:7 - minha primeira atividade!
2025-07-22 07:47:50.449 | INFO     | __main__:pipeline:24 - pipeline finalizou
2025-07-22 07:47:50.449 | INFO     | __main__:pipeline:24 - pipeline finalizou
2025-07-22 07:47:50.449 | INFO     | __main__:pipeline:24 - pipeline finalizou
2025-07-22 07:47:50.496 | INFO     | __main__:pipeline:24 - pipeline finalizou
2025-07-22 07:47:50.496 | INFO     | __main__:pipeline:24 - pipeline finalizou
2025-07-22 07:47:50.496 | INFO     | __main__:pipeline:24 - pipeline finalizou
2025-07-22 07:47:51.299 | INFO     | __main__:segunda_atividade:11 - minha segunda atividade!
2025-07-22 07:47:51.299 | INFO     | __main__:segunda_atividade:11 - minha segunda atividade!
2025-07-22 07:47:51.299 | INFO     | __main__:segunda_atividade:11 - minha segunda atividade!
2025-07-22 07:47:52.497 | INFO     | __main__:primeira_atividade:7 - minha primeira atividade!
2025-07-22 07:47:52.497 | INFO     | __main__:primeira_atividade:7 - minha primeira atividade!
2025-07-22 07:47:52.497 | INFO     | __main__:primeira_atividade:7 - minha primeira atividade!
2025-07-22 07:47:53.300 | INFO     | __main__:terceira_atividade:15 - minha terceira atividade!
2025-07-22 07:47:53.300 | INFO     | __main__:terceira_atividade:15 - minha terceira atividade!
2025-07-22 07:47:53.300 | INFO     | __main__:terceira_atividade:15 - minha terceira atividade!
2025-07-22 07:47:54.499 | INFO     | __main__:segunda_atividade:11 - minha segunda atividade!
2025-07-22 07:47:54.499 | INFO     | __main__:segunda_atividade:11 - minha segunda atividade!
2025-07-22 07:47:54.499 | INFO     | __main__:segunda_atividade:11 - minha segunda atividade!
2025-07-22 07:47:55.301 | INFO     | __main__:pipeline:24 - pipeline finalizou
2025-07-22 07:47:55.301 | INFO     | __main__:pipeline:24 - pipeline finalizou
2025-07-22 07:47:55.301 | INFO     | __main__:pipeline:24 - pipeline finalizou
2025-07-22 07:47:56.499 | INFO     | __main__:terceira_atividade:15 - minha terceira atividade!
2025-07-22 07:47:56.499 | INFO     | __main__:terceira_atividade:15 - minha terceira atividade!
2025-07-22 07:47:56.499 | INFO     | __main__:terceira_atividade:15 - minha terceira atividade!
2025-07-22 07:47:57.302 | INFO     | __main__:primeira_atividade:7 - minha primeira atividade!
2025-07-22 07:47:57.302 | INFO     | __main__:primeira_atividade:7 - minha primeira atividade!
2025-07-22 07:47:57.302 | INFO     | __main__:primeira_atividade:7 - minha primeira atividade!
2025-07-22 07:47:58.500 | INFO     | __main__:pipeline:24 - pipeline finalizou
2025-07-22 07:47:58.500 | INFO     | __main__:pipeline:24 - pipeline finalizou
2025-07-22 07:47:58.500 | INFO     | __main__:pipeline:24 - pipeline finalizou
2025-07-22 07:47:59.303 | INFO     | __main__:segunda_atividade:11 - minha segunda atividade!
2025-07-22 07:47:59.303 | INFO     | __main__:segunda_atividade:11 - minha segunda atividade!
2025-07-22 07:47:59.303 | INFO     | __main__:segunda_atividade:11 - minha segunda atividade!
2025-07-22 07:48:00.450 | INFO     | __main__:primeira_atividade:7 - minha primeira atividade!
2025-07-22 07:48:00.450 | INFO     | __main__:primeira_atividade:7 - minha primeira atividade!
2025-07-22 07:48:00.450 | INFO     | __main__:primeira_atividade:7 - minha primeira atividade!
2025-07-22 07:48:00.501 | INFO     | __main__:primeira_atividade:7 - minha primeira atividade!
2025-07-22 07:48:00.501 | INFO     | __main__:primeira_atividade:7 - minha primeira atividade!
2025-07-22 07:48:00.501 | INFO     | __main__:primeira_atividade:7 - minha primeira atividade!
2025-07-22 07:48:01.304 | INFO     | __main__:terceira_atividade:15 - minha terceira atividade!
2025-07-22 07:48:01.304 | INFO     | __main__:terceira_atividade:15 - minha terceira atividade!
2025-07-22 07:48:01.304 | INFO     | __main__:terceira_atividade:15 - minha terceira atividade!
2025-07-22 07:48:02.451 | INFO     | __main__:segunda_atividade:11 - minha segunda atividade!
2025-07-22 07:48:02.451 | INFO     | __main__:segunda_atividade:11 - minha segunda atividade!
2025-07-22 07:48:02.451 | INFO     | __main__:segunda_atividade:11 - minha segunda atividade!
2025-07-22 07:48:02.502 | INFO     | __main__:segunda_atividade:11 - minha segunda atividade!
2025-07-22 07:48:02.502 | INFO     | __main__:segunda_atividade:11 - minha segunda atividade!
2025-07-22 07:48:02.502 | INFO     | __main__:segunda_atividade:11 - minha segunda atividade!
2025-07-22 07:48:03.305 | INFO     | __main__:pipeline:24 - pipeline finalizou
2025-07-22 07:48:03.305 | INFO     | __main__:pipeline:24 - pipeline finalizou
2025-07-22 07:48:03.305 | INFO     | __main__:pipeline:24 - pipeline finalizou
2025-07-22 07:48:04.452 | INFO     | __main__:terceira_atividade:15 - minha terceira atividade!
2025-07-22 07:48:04.452 | INFO     | __main__:terceira_atividade:15 - minha terceira atividade!
2025-07-22 07:48:04.452 | INFO     | __main__:terceira_atividade:15 - minha terceira atividade!
2025-07-22 07:48:04.503 | INFO     | __main__:terceira_atividade:15 - minha terceira atividade!
2025-07-22 07:48:04.503 | INFO     | __main__:terceira_atividade:15 - minha terceira atividade!
2025-07-22 07:48:04.503 | INFO     | __main__:terceira_atividade:15 - minha terceira atividade!
2025-07-22 07:48:05.306 | INFO     | __main__:primeira_atividade:7 - minha primeira atividade!
2025-07-22 07:48:05.306 | INFO     | __main__:primeira_atividade:7 - minha primeira atividade!
2025-07-22 07:48:05.306 | INFO     | __main__:primeira_atividade:7 - minha primeira atividade!
2025-07-22 07:48:06.453 | INFO     | __main__:pipeline:24 - pipeline finalizou
2025-07-22 07:48:06.453 | INFO     | __main__:pipeline:24 - pipeline finalizou
2025-07-22 07:48:06.453 | INFO     | __main__:pipeline:24 - pipeline finalizou
2025-07-22 07:48:06.504 | INFO     | __main__:pipeline:24 - pipeline finalizou
2025-07-22 07:48:06.504 | INFO     | __main__:pipeline:24 - pipeline finalizou
2025-07-22 07:48:06.504 | INFO     | __main__:pipeline:24 - pipeline finalizou
2025-07-22 07:48:07.307 | INFO     | __main__:segunda_atividade:11 - minha segunda atividade!
2025-07-22 07:48:07.307 | INFO     | __main__:segunda_atividade:11 - minha segunda atividade!
2025-07-22 07:48:07.307 | INFO     | __main__:segunda_atividade:11 - minha segunda atividade!
2025-07-22 07:48:08.505 | INFO     | __main__:primeira_atividade:7 - minha primeira atividade!
2025-07-22 07:48:08.505 | INFO     | __main__:primeira_atividade:7 - minha primeira atividade!
2025-07-22 07:48:08.505 | INFO     | __main__:primeira_atividade:7 - minha primeira atividade!
2025-07-22 07:48:09.307 | INFO     | __main__:terceira_atividade:15 - minha terceira atividade!
2025-07-22 07:48:09.307 | INFO     | __main__:terceira_atividade:15 - minha terceira atividade!
2025-07-22 07:48:09.307 | INFO     | __main__:terceira_atividade:15 - minha terceira atividade!
2025-07-22 07:48:10.506 | INFO     | __main__:segunda_atividade:11 - minha segunda atividade!
2025-07-22 07:48:10.506 | INFO     | __main__:segunda_atividade:11 - minha segunda atividade!
2025-07-22 07:48:10.506 | INFO     | __main__:segunda_atividade:11 - minha segunda atividade!
2025-07-22 07:48:10.918 | INFO     | __main__:primeira_atividade:7 - minha primeira atividade!
2025-07-22 07:48:10.918 | INFO     | __main__:primeira_atividade:7 - minha primeira atividade!
2025-07-22 07:48:10.918 | INFO     | __main__:primeira_atividade:7 - minha primeira atividade!
2025-07-22 07:48:10.918 | INFO     | __main__:primeira_atividade:7 - minha primeira atividade!
2025-07-22 07:48:11.308 | INFO     | __main__:pipeline:24 - pipeline finalizou
2025-07-22 07:48:11.308 | INFO     | __main__:pipeline:24 - pipeline finalizou
2025-07-22 07:48:11.308 | INFO     | __main__:pipeline:24 - pipeline finalizou
2025-07-22 07:48:11.308 | INFO     | __main__:pipeline:24 - pipeline finalizou
2025-07-22 07:48:12.506 | INFO     | __main__:terceira_atividade:15 - minha terceira atividade!
2025-07-22 07:48:12.506 | INFO     | __main__:terceira_atividade:15 - minha terceira atividade!
2025-07-22 07:48:12.506 | INFO     | __main__:terceira_atividade:15 - minha terceira atividade!
2025-07-22 07:48:12.506 | INFO     | __main__:terceira_atividade:15 - minha terceira atividade!
2025-07-22 07:48:13.309 | INFO     | __main__:primeira_atividade:7 - minha primeira atividade!
2025-07-22 07:48:13.309 | INFO     | __main__:primeira_atividade:7 - minha primeira atividade!
2025-07-22 07:48:13.309 | INFO     | __main__:primeira_atividade:7 - minha primeira atividade!
2025-07-22 07:48:13.309 | INFO     | __main__:primeira_atividade:7 - minha primeira atividade!
2025-07-22 07:48:14.508 | INFO     | __main__:pipeline:24 - pipeline finalizou
2025-07-22 07:48:14.508 | INFO     | __main__:pipeline:24 - pipeline finalizou
2025-07-22 07:48:14.508 | INFO     | __main__:pipeline:24 - pipeline finalizou
2025-07-22 07:48:14.508 | INFO     | __main__:pipeline:24 - pipeline finalizou
2025-07-22 07:48:15.310 | INFO     | __main__:segunda_atividade:11 - minha segunda atividade!
2025-07-22 07:48:15.310 | INFO     | __main__:segunda_atividade:11 - minha segunda atividade!
2025-07-22 07:48:15.310 | INFO     | __main__:segunda_atividade:11 - minha segunda atividade!
2025-07-22 07:48:15.310 | INFO     | __main__:segunda_atividade:11 - minha segunda atividade!
2025-07-22 07:48:15.919 | INFO     | __main__:segunda_atividade:11 - minha segunda atividade!
2025-07-22 07:48:15.919 | INFO     | __main__:segunda_atividade:11 - minha segunda atividade!
2025-07-22 07:48:15.919 | INFO     | __main__:segunda_atividade:11 - minha segunda atividade!
2025-07-22 07:48:15.919 | INFO     | __main__:segunda_atividade:11 - minha segunda atividade!
2025-07-22 07:48:16.454 | INFO     | __main__:primeira_atividade:7 - minha primeira atividade!
2025-07-22 07:48:16.454 | INFO     | __main__:primeira_atividade:7 - minha primeira atividade!
2025-07-22 07:48:16.454 | INFO     | __main__:primeira_atividade:7 - minha primeira atividade!
2025-07-22 07:48:16.454 | INFO     | __main__:primeira_atividade:7 - minha primeira atividade!
2025-07-22 07:48:16.508 | INFO     | __main__:primeira_atividade:7 - minha primeira atividade!
2025-07-22 07:48:16.508 | INFO     | __main__:primeira_atividade:7 - minha primeira atividade!
2025-07-22 07:48:16.508 | INFO     | __main__:primeira_atividade:7 - minha primeira atividade!
2025-07-22 07:48:16.508 | INFO     | __main__:primeira_atividade:7 - minha primeira atividade!
2025-07-22 07:48:17.311 | INFO     | __main__:terceira_atividade:15 - minha terceira atividade!
2025-07-22 07:48:17.311 | INFO     | __main__:terceira_atividade:15 - minha terceira atividade!
2025-07-22 07:48:17.311 | INFO     | __main__:terceira_atividade:15 - minha terceira atividade!
2025-07-22 07:48:17.311 | INFO     | __main__:terceira_atividade:15 - minha terceira atividade!
2025-07-22 07:48:18.455 | INFO     | __main__:segunda_atividade:11 - minha segunda atividade!
2025-07-22 07:48:18.455 | INFO     | __main__:segunda_atividade:11 - minha segunda atividade!
2025-07-22 07:48:18.455 | INFO     | __main__:segunda_atividade:11 - minha segunda atividade!
2025-07-22 07:48:18.455 | INFO     | __main__:segunda_atividade:11 - minha segunda atividade!
2025-07-22 07:48:18.509 | INFO     | __main__:segunda_atividade:11 - minha segunda atividade!
2025-07-22 07:48:18.509 | INFO     | __main__:segunda_atividade:11 - minha segunda atividade!
2025-07-22 07:48:18.509 | INFO     | __main__:segunda_atividade:11 - minha segunda atividade!
2025-07-22 07:48:18.509 | INFO     | __main__:segunda_atividade:11 - minha segunda atividade!
2025-07-22 07:48:19.313 | INFO     | __main__:pipeline:24 - pipeline finalizou
2025-07-22 07:48:19.313 | INFO     | __main__:pipeline:24 - pipeline finalizou
2025-07-22 07:48:19.313 | INFO     | __main__:pipeline:24 - pipeline finalizou
2025-07-22 07:48:19.313 | INFO     | __main__:pipeline:24 - pipeline finalizou
2025-07-22 07:48:20.457 | INFO     | __main__:terceira_atividade:15 - minha terceira atividade!
2025-07-22 07:48:20.457 | INFO     | __main__:terceira_atividade:15 - minha terceira atividade!
2025-07-22 07:48:20.457 | INFO     | __main__:terceira_atividade:15 - minha terceira atividade!
2025-07-22 07:48:20.457 | INFO     | __main__:terceira_atividade:15 - minha terceira atividade!
2025-07-22 07:48:20.511 | INFO     | __main__:terceira_atividade:15 - minha terceira atividade!
2025-07-22 07:48:20.511 | INFO     | __main__:terceira_atividade:15 - minha terceira atividade!
2025-07-22 07:48:20.511 | INFO     | __main__:terceira_atividade:15 - minha terceira atividade!
2025-07-22 07:48:20.511 | INFO     | __main__:terceira_atividade:15 - minha terceira atividade!
2025-07-22 07:48:20.920 | INFO     | __main__:terceira_atividade:15 - minha terceira atividade!
2025-07-22 07:48:20.920 | INFO     | __main__:terceira_atividade:15 - minha terceira atividade!
2025-07-22 07:48:20.920 | INFO     | __main__:terceira_atividade:15 - minha terceira atividade!
2025-07-22 07:48:20.920 | INFO     | __main__:terceira_atividade:15 - minha terceira atividade!
2025-07-22 07:48:21.314 | INFO     | __main__:primeira_atividade:7 - minha primeira atividade!
2025-07-22 07:48:21.314 | INFO     | __main__:primeira_atividade:7 - minha primeira atividade!
2025-07-22 07:48:21.314 | INFO     | __main__:primeira_atividade:7 - minha primeira atividade!
2025-07-22 07:48:21.314 | INFO     | __main__:primeira_atividade:7 - minha primeira atividade!
2025-07-22 07:48:22.458 | INFO     | __main__:pipeline:24 - pipeline finalizou
2025-07-22 07:48:22.458 | INFO     | __main__:pipeline:24 - pipeline finalizou
2025-07-22 07:48:22.458 | INFO     | __main__:pipeline:24 - pipeline finalizou
2025-07-22 07:48:22.458 | INFO     | __main__:pipeline:24 - pipeline finalizou
2025-07-22 07:48:22.512 | INFO     | __main__:pipeline:24 - pipeline finalizou
2025-07-22 07:48:22.512 | INFO     | __main__:pipeline:24 - pipeline finalizou
2025-07-22 07:48:22.512 | INFO     | __main__:pipeline:24 - pipeline finalizou
2025-07-22 07:48:22.512 | INFO     | __main__:pipeline:24 - pipeline finalizou
2025-07-22 07:48:23.315 | INFO     | __main__:segunda_atividade:11 - minha segunda atividade!
2025-07-22 07:48:23.315 | INFO     | __main__:segunda_atividade:11 - minha segunda atividade!
2025-07-22 07:48:23.315 | INFO     | __main__:segunda_atividade:11 - minha segunda atividade!
2025-07-22 07:48:23.315 | INFO     | __main__:segunda_atividade:11 - minha segunda atividade!
2025-07-22 07:48:24.514 | INFO     | __main__:primeira_atividade:7 - minha primeira atividade!
2025-07-22 07:48:24.514 | INFO     | __main__:primeira_atividade:7 - minha primeira atividade!
2025-07-22 07:48:24.514 | INFO     | __main__:primeira_atividade:7 - minha primeira atividade!
2025-07-22 07:48:24.514 | INFO     | __main__:primeira_atividade:7 - minha primeira atividade!
2025-07-22 07:48:25.316 | INFO     | __main__:terceira_atividade:15 - minha terceira atividade!
2025-07-22 07:48:25.316 | INFO     | __main__:terceira_atividade:15 - minha terceira atividade!
2025-07-22 07:48:25.316 | INFO     | __main__:terceira_atividade:15 - minha terceira atividade!
2025-07-22 07:48:25.316 | INFO     | __main__:terceira_atividade:15 - minha terceira atividade!
2025-07-22 07:48:25.921 | INFO     | __main__:pipeline:24 - pipeline finalizou
2025-07-22 07:48:25.921 | INFO     | __main__:pipeline:24 - pipeline finalizou
2025-07-22 07:48:25.921 | INFO     | __main__:pipeline:24 - pipeline finalizou
2025-07-22 07:48:25.921 | INFO     | __main__:pipeline:24 - pipeline finalizou
2025-07-22 07:48:26.515 | INFO     | __main__:segunda_atividade:11 - minha segunda atividade!
2025-07-22 07:48:26.515 | INFO     | __main__:segunda_atividade:11 - minha segunda atividade!
2025-07-22 07:48:26.515 | INFO     | __main__:segunda_atividade:11 - minha segunda atividade!
2025-07-22 07:48:26.515 | INFO     | __main__:segunda_atividade:11 - minha segunda atividade!
2025-07-22 07:48:27.317 | INFO     | __main__:pipeline:24 - pipeline finalizou
2025-07-22 07:48:27.317 | INFO     | __main__:pipeline:24 - pipeline finalizou
2025-07-22 07:48:27.317 | INFO     | __main__:pipeline:24 - pipeline finalizou
2025-07-22 07:48:27.317 | INFO     | __main__:pipeline:24 - pipeline finalizou
2025-07-22 07:48:28.516 | INFO     | __main__:terceira_atividade:15 - minha terceira atividade!
2025-07-22 07:48:28.516 | INFO     | __main__:terceira_atividade:15 - minha terceira atividade!
2025-07-22 07:48:28.516 | INFO     | __main__:terceira_atividade:15 - minha terceira atividade!
2025-07-22 07:48:28.516 | INFO     | __main__:terceira_atividade:15 - minha terceira atividade!
2025-07-22 07:48:29.318 | INFO     | __main__:primeira_atividade:7 - minha primeira atividade!
2025-07-22 07:48:29.318 | INFO     | __main__:primeira_atividade:7 - minha primeira atividade!
2025-07-22 07:48:29.318 | INFO     | __main__:primeira_atividade:7 - minha primeira atividade!
2025-07-22 07:48:29.318 | INFO     | __main__:primeira_atividade:7 - minha primeira atividade!
2025-07-22 07:48:30.517 | INFO     | __main__:pipeline:24 - pipeline finalizou
2025-07-22 07:48:30.517 | INFO     | __main__:pipeline:24 - pipeline finalizou
2025-07-22 07:48:30.517 | INFO     | __main__:pipeline:24 - pipeline finalizou
2025-07-22 07:48:30.517 | INFO     | __main__:pipeline:24 - pipeline finalizou
2025-07-22 07:48:31.318 | INFO     | __main__:segunda_atividade:11 - minha segunda atividade!
2025-07-22 07:48:31.318 | INFO     | __main__:segunda_atividade:11 - minha segunda atividade!
2025-07-22 07:48:31.318 | INFO     | __main__:segunda_atividade:11 - minha segunda atividade!
2025-07-22 07:48:31.318 | INFO     | __main__:segunda_atividade:11 - minha segunda atividade!
2025-07-22 07:48:32.459 | INFO     | __main__:primeira_atividade:7 - minha primeira atividade!
2025-07-22 07:48:32.459 | INFO     | __main__:primeira_atividade:7 - minha primeira atividade!
2025-07-22 07:48:32.459 | INFO     | __main__:primeira_atividade:7 - minha primeira atividade!
2025-07-22 07:48:32.459 | INFO     | __main__:primeira_atividade:7 - minha primeira atividade!
2025-07-22 07:48:32.518 | INFO     | __main__:primeira_atividade:7 - minha primeira atividade!
2025-07-22 07:48:32.518 | INFO     | __main__:primeira_atividade:7 - minha primeira atividade!
2025-07-22 07:48:32.518 | INFO     | __main__:primeira_atividade:7 - minha primeira atividade!
2025-07-22 07:48:32.518 | INFO     | __main__:primeira_atividade:7 - minha primeira atividade!
2025-07-22 07:48:33.319 | INFO     | __main__:terceira_atividade:15 - minha terceira atividade!
2025-07-22 07:48:33.319 | INFO     | __main__:terceira_atividade:15 - minha terceira atividade!
2025-07-22 07:48:33.319 | INFO     | __main__:terceira_atividade:15 - minha terceira atividade!
2025-07-22 07:48:33.319 | INFO     | __main__:terceira_atividade:15 - minha terceira atividade!
2025-07-22 07:48:34.460 | INFO     | __main__:segunda_atividade:11 - minha segunda atividade!
2025-07-22 07:48:34.460 | INFO     | __main__:segunda_atividade:11 - minha segunda atividade!
2025-07-22 07:48:34.460 | INFO     | __main__:segunda_atividade:11 - minha segunda atividade!
2025-07-22 07:48:34.460 | INFO     | __main__:segunda_atividade:11 - minha segunda atividade!
2025-07-22 07:48:34.518 | INFO     | __main__:segunda_atividade:11 - minha segunda atividade!
2025-07-22 07:48:34.518 | INFO     | __main__:segunda_atividade:11 - minha segunda atividade!
2025-07-22 07:48:34.518 | INFO     | __main__:segunda_atividade:11 - minha segunda atividade!
2025-07-22 07:48:34.518 | INFO     | __main__:segunda_atividade:11 - minha segunda atividade!
2025-07-22 07:48:35.320 | INFO     | __main__:pipeline:24 - pipeline finalizou
2025-07-22 07:48:35.320 | INFO     | __main__:pipeline:24 - pipeline finalizou
2025-07-22 07:48:35.320 | INFO     | __main__:pipeline:24 - pipeline finalizou
2025-07-22 07:48:35.320 | INFO     | __main__:pipeline:24 - pipeline finalizou
2025-07-22 07:48:35.922 | INFO     | __main__:primeira_atividade:7 - minha primeira atividade!
2025-07-22 07:48:35.922 | INFO     | __main__:primeira_atividade:7 - minha primeira atividade!
2025-07-22 07:48:35.922 | INFO     | __main__:primeira_atividade:7 - minha primeira atividade!
2025-07-22 07:48:35.922 | INFO     | __main__:primeira_atividade:7 - minha primeira atividade!
2025-07-22 07:48:36.461 | INFO     | __main__:terceira_atividade:15 - minha terceira atividade!
2025-07-22 07:48:36.461 | INFO     | __main__:terceira_atividade:15 - minha terceira atividade!
2025-07-22 07:48:36.461 | INFO     | __main__:terceira_atividade:15 - minha terceira atividade!
2025-07-22 07:48:36.461 | INFO     | __main__:terceira_atividade:15 - minha terceira atividade!
2025-07-22 07:48:36.519 | INFO     | __main__:terceira_atividade:15 - minha terceira atividade!
2025-07-22 07:48:36.519 | INFO     | __main__:terceira_atividade:15 - minha terceira atividade!
2025-07-22 07:48:36.519 | INFO     | __main__:terceira_atividade:15 - minha terceira atividade!
2025-07-22 07:48:36.519 | INFO     | __main__:terceira_atividade:15 - minha terceira atividade!
2025-07-22 07:48:37.321 | INFO     | __main__:primeira_atividade:7 - minha primeira atividade!
2025-07-22 07:48:37.321 | INFO     | __main__:primeira_atividade:7 - minha primeira atividade!
2025-07-22 07:48:37.321 | INFO     | __main__:primeira_atividade:7 - minha primeira atividade!
2025-07-22 07:48:37.321 | INFO     | __main__:primeira_atividade:7 - minha primeira atividade!
2025-07-22 07:48:38.462 | INFO     | __main__:pipeline:24 - pipeline finalizou
2025-07-22 07:48:38.462 | INFO     | __main__:pipeline:24 - pipeline finalizou
2025-07-22 07:48:38.462 | INFO     | __main__:pipeline:24 - pipeline finalizou
2025-07-22 07:48:38.462 | INFO     | __main__:pipeline:24 - pipeline finalizou
2025-07-22 07:48:38.520 | INFO     | __main__:pipeline:24 - pipeline finalizou
2025-07-22 07:48:38.520 | INFO     | __main__:pipeline:24 - pipeline finalizou
2025-07-22 07:48:38.520 | INFO     | __main__:pipeline:24 - pipeline finalizou
2025-07-22 07:48:38.520 | INFO     | __main__:pipeline:24 - pipeline finalizou
2025-07-22 07:48:39.321 | INFO     | __main__:segunda_atividade:11 - minha segunda atividade!
2025-07-22 07:48:39.321 | INFO     | __main__:segunda_atividade:11 - minha segunda atividade!
2025-07-22 07:48:39.321 | INFO     | __main__:segunda_atividade:11 - minha segunda atividade!
2025-07-22 07:48:39.321 | INFO     | __main__:segunda_atividade:11 - minha segunda atividade!
2025-07-22 07:48:40.521 | INFO     | __main__:primeira_atividade:7 - minha primeira atividade!
2025-07-22 07:48:40.521 | INFO     | __main__:primeira_atividade:7 - minha primeira atividade!
2025-07-22 07:48:40.521 | INFO     | __main__:primeira_atividade:7 - minha primeira atividade!
2025-07-22 07:48:40.521 | INFO     | __main__:primeira_atividade:7 - minha primeira atividade!
2025-07-22 07:48:40.922 | INFO     | __main__:segunda_atividade:11 - minha segunda atividade!
2025-07-22 07:48:40.922 | INFO     | __main__:segunda_atividade:11 - minha segunda atividade!
2025-07-22 07:48:40.922 | INFO     | __main__:segunda_atividade:11 - minha segunda atividade!
2025-07-22 07:48:40.922 | INFO     | __main__:segunda_atividade:11 - minha segunda atividade!
2025-07-22 07:48:41.138 | INFO     | __main__:primeira_atividade:7 - minha primeira atividade!
2025-07-22 07:48:41.138 | INFO     | __main__:primeira_atividade:7 - minha primeira atividade!
2025-07-22 07:48:41.138 | INFO     | __main__:primeira_atividade:7 - minha primeira atividade!
2025-07-22 07:48:41.138 | INFO     | __main__:primeira_atividade:7 - minha primeira atividade!
2025-07-22 07:48:41.138 | INFO     | __main__:primeira_atividade:7 - minha primeira atividade!
2025-07-22 07:48:41.322 | INFO     | __main__:terceira_atividade:15 - minha terceira atividade!
2025-07-22 07:48:41.322 | INFO     | __main__:terceira_atividade:15 - minha terceira atividade!
2025-07-22 07:48:41.322 | INFO     | __main__:terceira_atividade:15 - minha terceira atividade!
2025-07-22 07:48:41.322 | INFO     | __main__:terceira_atividade:15 - minha terceira atividade!
2025-07-22 07:48:41.322 | INFO     | __main__:terceira_atividade:15 - minha terceira atividade!
2025-07-22 07:48:42.522 | INFO     | __main__:segunda_atividade:11 - minha segunda atividade!
2025-07-22 07:48:42.522 | INFO     | __main__:segunda_atividade:11 - minha segunda atividade!
2025-07-22 07:48:42.522 | INFO     | __main__:segunda_atividade:11 - minha segunda atividade!
2025-07-22 07:48:42.522 | INFO     | __main__:segunda_atividade:11 - minha segunda atividade!
2025-07-22 07:48:42.522 | INFO     | __main__:segunda_atividade:11 - minha segunda atividade!
2025-07-22 07:48:43.323 | INFO     | __main__:pipeline:24 - pipeline finalizou
2025-07-22 07:48:43.323 | INFO     | __main__:pipeline:24 - pipeline finalizou
2025-07-22 07:48:43.323 | INFO     | __main__:pipeline:24 - pipeline finalizou
2025-07-22 07:48:43.323 | INFO     | __main__:pipeline:24 - pipeline finalizou
2025-07-22 07:48:43.323 | INFO     | __main__:pipeline:24 - pipeline finalizou
2025-07-22 07:48:44.522 | INFO     | __main__:terceira_atividade:15 - minha terceira atividade!
2025-07-22 07:48:44.522 | INFO     | __main__:terceira_atividade:15 - minha terceira atividade!
2025-07-22 07:48:44.522 | INFO     | __main__:terceira_atividade:15 - minha terceira atividade!
2025-07-22 07:48:44.522 | INFO     | __main__:terceira_atividade:15 - minha terceira atividade!
2025-07-22 07:48:44.522 | INFO     | __main__:terceira_atividade:15 - minha terceira atividade!
2025-07-22 07:48:45.324 | INFO     | __main__:primeira_atividade:7 - minha primeira atividade!
2025-07-22 07:48:45.324 | INFO     | __main__:primeira_atividade:7 - minha primeira atividade!
2025-07-22 07:48:45.324 | INFO     | __main__:primeira_atividade:7 - minha primeira atividade!
2025-07-22 07:48:45.324 | INFO     | __main__:primeira_atividade:7 - minha primeira atividade!
2025-07-22 07:48:45.324 | INFO     | __main__:primeira_atividade:7 - minha primeira atividade!
2025-07-22 07:48:45.923 | INFO     | __main__:terceira_atividade:15 - minha terceira atividade!
2025-07-22 07:48:45.923 | INFO     | __main__:terceira_atividade:15 - minha terceira atividade!
2025-07-22 07:48:45.923 | INFO     | __main__:terceira_atividade:15 - minha terceira atividade!
2025-07-22 07:48:45.923 | INFO     | __main__:terceira_atividade:15 - minha terceira atividade!
2025-07-22 07:48:45.923 | INFO     | __main__:terceira_atividade:15 - minha terceira atividade!
2025-07-22 07:48:46.139 | INFO     | __main__:segunda_atividade:11 - minha segunda atividade!
2025-07-22 07:48:46.139 | INFO     | __main__:segunda_atividade:11 - minha segunda atividade!
2025-07-22 07:48:46.139 | INFO     | __main__:segunda_atividade:11 - minha segunda atividade!
2025-07-22 07:48:46.139 | INFO     | __main__:segunda_atividade:11 - minha segunda atividade!
2025-07-22 07:48:46.139 | INFO     | __main__:segunda_atividade:11 - minha segunda atividade!
2025-07-22 07:48:46.523 | INFO     | __main__:pipeline:24 - pipeline finalizou
2025-07-22 07:48:46.523 | INFO     | __main__:pipeline:24 - pipeline finalizou
2025-07-22 07:48:46.523 | INFO     | __main__:pipeline:24 - pipeline finalizou
2025-07-22 07:48:46.523 | INFO     | __main__:pipeline:24 - pipeline finalizou
2025-07-22 07:48:46.523 | INFO     | __main__:pipeline:24 - pipeline finalizou
2025-07-22 07:48:47.325 | INFO     | __main__:segunda_atividade:11 - minha segunda atividade!
2025-07-22 07:48:47.325 | INFO     | __main__:segunda_atividade:11 - minha segunda atividade!
2025-07-22 07:48:47.325 | INFO     | __main__:segunda_atividade:11 - minha segunda atividade!
2025-07-22 07:48:47.325 | INFO     | __main__:segunda_atividade:11 - minha segunda atividade!
2025-07-22 07:48:47.325 | INFO     | __main__:segunda_atividade:11 - minha segunda atividade!
2025-07-22 07:48:48.463 | INFO     | __main__:primeira_atividade:7 - minha primeira atividade!
2025-07-22 07:48:48.463 | INFO     | __main__:primeira_atividade:7 - minha primeira atividade!
2025-07-22 07:48:48.463 | INFO     | __main__:primeira_atividade:7 - minha primeira atividade!
2025-07-22 07:48:48.463 | INFO     | __main__:primeira_atividade:7 - minha primeira atividade!
2025-07-22 07:48:48.463 | INFO     | __main__:primeira_atividade:7 - minha primeira atividade!
2025-07-22 07:48:48.524 | INFO     | __main__:primeira_atividade:7 - minha primeira atividade!
2025-07-22 07:48:48.524 | INFO     | __main__:primeira_atividade:7 - minha primeira atividade!
2025-07-22 07:48:48.524 | INFO     | __main__:primeira_atividade:7 - minha primeira atividade!
2025-07-22 07:48:48.524 | INFO     | __main__:primeira_atividade:7 - minha primeira atividade!
2025-07-22 07:48:48.524 | INFO     | __main__:primeira_atividade:7 - minha primeira atividade!
2025-07-22 07:48:49.325 | INFO     | __main__:terceira_atividade:15 - minha terceira atividade!
2025-07-22 07:48:49.325 | INFO     | __main__:terceira_atividade:15 - minha terceira atividade!
2025-07-22 07:48:49.325 | INFO     | __main__:terceira_atividade:15 - minha terceira atividade!
2025-07-22 07:48:49.325 | INFO     | __main__:terceira_atividade:15 - minha terceira atividade!
2025-07-22 07:48:49.325 | INFO     | __main__:terceira_atividade:15 - minha terceira atividade!
2025-07-22 07:48:50.464 | INFO     | __main__:segunda_atividade:11 - minha segunda atividade!
2025-07-22 07:48:50.464 | INFO     | __main__:segunda_atividade:11 - minha segunda atividade!
2025-07-22 07:48:50.464 | INFO     | __main__:segunda_atividade:11 - minha segunda atividade!
2025-07-22 07:48:50.464 | INFO     | __main__:segunda_atividade:11 - minha segunda atividade!
2025-07-22 07:48:50.464 | INFO     | __main__:segunda_atividade:11 - minha segunda atividade!
2025-07-22 07:48:50.525 | INFO     | __main__:segunda_atividade:11 - minha segunda atividade!
2025-07-22 07:48:50.525 | INFO     | __main__:segunda_atividade:11 - minha segunda atividade!
2025-07-22 07:48:50.525 | INFO     | __main__:segunda_atividade:11 - minha segunda atividade!
2025-07-22 07:48:50.525 | INFO     | __main__:segunda_atividade:11 - minha segunda atividade!
2025-07-22 07:48:50.525 | INFO     | __main__:segunda_atividade:11 - minha segunda atividade!
2025-07-22 07:48:50.924 | INFO     | __main__:pipeline:24 - pipeline finalizou
2025-07-22 07:48:50.924 | INFO     | __main__:pipeline:24 - pipeline finalizou
2025-07-22 07:48:50.924 | INFO     | __main__:pipeline:24 - pipeline finalizou
2025-07-22 07:48:50.924 | INFO     | __main__:pipeline:24 - pipeline finalizou
2025-07-22 07:48:50.924 | INFO     | __main__:pipeline:24 - pipeline finalizou
2025-07-22 07:48:51.140 | INFO     | __main__:terceira_atividade:15 - minha terceira atividade!
2025-07-22 07:48:51.140 | INFO     | __main__:terceira_atividade:15 - minha terceira atividade!
2025-07-22 07:48:51.140 | INFO     | __main__:terceira_atividade:15 - minha terceira atividade!
2025-07-22 07:48:51.140 | INFO     | __main__:terceira_atividade:15 - minha terceira atividade!
2025-07-22 07:48:51.140 | INFO     | __main__:terceira_atividade:15 - minha terceira atividade!
2025-07-22 07:48:51.326 | INFO     | __main__:pipeline:24 - pipeline finalizou
2025-07-22 07:48:51.326 | INFO     | __main__:pipeline:24 - pipeline finalizou
2025-07-22 07:48:51.326 | INFO     | __main__:pipeline:24 - pipeline finalizou
2025-07-22 07:48:51.326 | INFO     | __main__:pipeline:24 - pipeline finalizou
2025-07-22 07:48:51.326 | INFO     | __main__:pipeline:24 - pipeline finalizou
2025-07-22 07:48:52.465 | INFO     | __main__:terceira_atividade:15 - minha terceira atividade!
2025-07-22 07:48:52.465 | INFO     | __main__:terceira_atividade:15 - minha terceira atividade!
2025-07-22 07:48:52.465 | INFO     | __main__:terceira_atividade:15 - minha terceira atividade!
2025-07-22 07:48:52.465 | INFO     | __main__:terceira_atividade:15 - minha terceira atividade!
2025-07-22 07:48:52.465 | INFO     | __main__:terceira_atividade:15 - minha terceira atividade!
2025-07-22 07:48:52.526 | INFO     | __main__:terceira_atividade:15 - minha terceira atividade!
2025-07-22 07:48:52.526 | INFO     | __main__:terceira_atividade:15 - minha terceira atividade!
2025-07-22 07:48:52.526 | INFO     | __main__:terceira_atividade:15 - minha terceira atividade!
2025-07-22 07:48:52.526 | INFO     | __main__:terceira_atividade:15 - minha terceira atividade!
2025-07-22 07:48:52.526 | INFO     | __main__:terceira_atividade:15 - minha terceira atividade!
2025-07-22 07:48:53.327 | INFO     | __main__:primeira_atividade:7 - minha primeira atividade!
2025-07-22 07:48:53.327 | INFO     | __main__:primeira_atividade:7 - minha primeira atividade!
2025-07-22 07:48:53.327 | INFO     | __main__:primeira_atividade:7 - minha primeira atividade!
2025-07-22 07:48:53.327 | INFO     | __main__:primeira_atividade:7 - minha primeira atividade!
2025-07-22 07:48:53.327 | INFO     | __main__:primeira_atividade:7 - minha primeira atividade!
2025-07-22 07:48:54.466 | INFO     | __main__:pipeline:24 - pipeline finalizou
2025-07-22 07:48:54.466 | INFO     | __main__:pipeline:24 - pipeline finalizou
2025-07-22 07:48:54.466 | INFO     | __main__:pipeline:24 - pipeline finalizou
2025-07-22 07:48:54.466 | INFO     | __main__:pipeline:24 - pipeline finalizou
2025-07-22 07:48:54.466 | INFO     | __main__:pipeline:24 - pipeline finalizou
2025-07-22 07:48:54.527 | INFO     | __main__:pipeline:24 - pipeline finalizou
2025-07-22 07:48:54.527 | INFO     | __main__:pipeline:24 - pipeline finalizou
2025-07-22 07:48:54.527 | INFO     | __main__:pipeline:24 - pipeline finalizou
2025-07-22 07:48:54.527 | INFO     | __main__:pipeline:24 - pipeline finalizou
2025-07-22 07:48:54.527 | INFO     | __main__:pipeline:24 - pipeline finalizou
2025-07-22 07:48:55.329 | INFO     | __main__:segunda_atividade:11 - minha segunda atividade!
2025-07-22 07:48:55.329 | INFO     | __main__:segunda_atividade:11 - minha segunda atividade!
2025-07-22 07:48:55.329 | INFO     | __main__:segunda_atividade:11 - minha segunda atividade!
2025-07-22 07:48:55.329 | INFO     | __main__:segunda_atividade:11 - minha segunda atividade!
2025-07-22 07:48:55.329 | INFO     | __main__:segunda_atividade:11 - minha segunda atividade!
2025-07-22 07:48:56.141 | INFO     | __main__:pipeline:24 - pipeline finalizou
2025-07-22 07:48:56.141 | INFO     | __main__:pipeline:24 - pipeline finalizou
2025-07-22 07:48:56.141 | INFO     | __main__:pipeline:24 - pipeline finalizou
2025-07-22 07:48:56.141 | INFO     | __main__:pipeline:24 - pipeline finalizou
2025-07-22 07:48:56.141 | INFO     | __main__:pipeline:24 - pipeline finalizou
2025-07-22 07:48:56.529 | INFO     | __main__:primeira_atividade:7 - minha primeira atividade!
2025-07-22 07:48:56.529 | INFO     | __main__:primeira_atividade:7 - minha primeira atividade!
2025-07-22 07:48:56.529 | INFO     | __main__:primeira_atividade:7 - minha primeira atividade!
2025-07-22 07:48:56.529 | INFO     | __main__:primeira_atividade:7 - minha primeira atividade!
2025-07-22 07:48:56.529 | INFO     | __main__:primeira_atividade:7 - minha primeira atividade!
2025-07-22 07:48:57.329 | INFO     | __main__:terceira_atividade:15 - minha terceira atividade!
2025-07-22 07:48:57.329 | INFO     | __main__:terceira_atividade:15 - minha terceira atividade!
2025-07-22 07:48:57.329 | INFO     | __main__:terceira_atividade:15 - minha terceira atividade!
2025-07-22 07:48:57.329 | INFO     | __main__:terceira_atividade:15 - minha terceira atividade!
2025-07-22 07:48:57.329 | INFO     | __main__:terceira_atividade:15 - minha terceira atividade!
2025-07-22 07:48:58.530 | INFO     | __main__:segunda_atividade:11 - minha segunda atividade!
2025-07-22 07:48:58.530 | INFO     | __main__:segunda_atividade:11 - minha segunda atividade!
2025-07-22 07:48:58.530 | INFO     | __main__:segunda_atividade:11 - minha segunda atividade!
2025-07-22 07:48:58.530 | INFO     | __main__:segunda_atividade:11 - minha segunda atividade!
2025-07-22 07:48:58.530 | INFO     | __main__:segunda_atividade:11 - minha segunda atividade!
2025-07-22 07:49:59.019 | INFO     | __main__:primeira_atividade:7 - minha primeira atividade!
2025-07-22 07:50:04.020 | INFO     | __main__:segunda_atividade:11 - minha segunda atividade!
2025-07-22 07:50:09.021 | INFO     | __main__:terceira_atividade:15 - minha terceira atividade!
2025-07-22 07:50:14.022 | INFO     | __main__:pipeline:24 - pipeline finalizou
2025-07-22 07:50:24.024 | INFO     | __main__:primeira_atividade:7 - minha primeira atividade!
2025-07-22 07:50:29.025 | INFO     | __main__:segunda_atividade:11 - minha segunda atividade!
2025-07-22 07:50:34.026 | INFO     | __main__:terceira_atividade:15 - minha terceira atividade!
2025-07-22 07:50:39.027 | INFO     | __main__:pipeline:24 - pipeline finalizou
2025-07-22 07:50:49.028 | INFO     | __main__:primeira_atividade:7 - minha primeira atividade!
2025-07-22 07:50:54.029 | INFO     | __main__:segunda_atividade:11 - minha segunda atividade!
2025-07-22 07:50:59.030 | INFO     | __main__:terceira_atividade:15 - minha terceira atividade!
2025-07-22 07:51:04.031 | INFO     | __main__:pipeline:24 - pipeline finalizou
2025-07-22 07:51:14.032 | INFO     | __main__:primeira_atividade:7 - minha primeira atividade!
2025-07-22 07:51:19.033 | INFO     | __main__:segunda_atividade:11 - minha segunda atividade!
2025-07-22 07:51:24.034 | INFO     | __main__:terceira_atividade:15 - minha terceira atividade!
2025-07-22 07:51:29.035 | INFO     | __main__:pipeline:24 - pipeline finalizou
2025-07-22 07:51:39.036 | INFO     | __main__:primeira_atividade:7 - minha primeira atividade!
2025-07-22 07:51:44.037 | INFO     | __main__:segunda_atividade:11 - minha segunda atividade!
2025-07-22 07:51:49.039 | INFO     | __main__:terceira_atividade:15 - minha terceira atividade!
2025-07-22 07:51:54.040 | INFO     | __main__:pipeline:24 - pipeline finalizou
2025-07-22 07:52:04.041 | INFO     | __main__:primeira_atividade:7 - minha primeira atividade!
2025-07-22 07:52:09.042 | INFO     | __main__:segunda_atividade:11 - minha segunda atividade!
2025-07-22 07:52:14.043 | INFO     | __main__:terceira_atividade:15 - minha terceira atividade!
2025-07-22 07:52:17.599 | INFO     | __main__:primeira_atividade:7 - minha primeira atividade!
2025-07-22 07:52:19.045 | INFO     | __main__:pipeline:24 - pipeline finalizou
2025-07-22 07:52:22.600 | INFO     | __main__:segunda_atividade:11 - minha segunda atividade!
2025-07-22 07:52:27.601 | INFO     | __main__:terceira_atividade:15 - minha terceira atividade!
2025-07-22 07:52:29.045 | INFO     | __main__:primeira_atividade:7 - minha primeira atividade!
2025-07-22 07:52:32.603 | INFO     | __main__:pipeline:24 - pipeline finalizou
2025-07-22 07:52:34.046 | INFO     | __main__:segunda_atividade:11 - minha segunda atividade!
2025-07-22 07:52:39.047 | INFO     | __main__:terceira_atividade:15 - minha terceira atividade!
2025-07-22 07:52:42.604 | INFO     | __main__:primeira_atividade:7 - minha primeira atividade!
2025-07-22 07:52:44.048 | INFO     | __main__:pipeline:24 - pipeline finalizou
2025-07-22 07:53:58.770 | INFO     | __main__:primeira_atividade:7 - minha primeira atividade!
2025-07-22 07:53:59.962 | INFO     | __main__:primeira_atividade:7 - minha primeira atividade!
2025-07-22 07:53:59.962 | INFO     | __main__:primeira_atividade:7 - minha primeira atividade!
2025-07-22 07:54:03.772 | INFO     | __main__:segunda_atividade:11 - minha segunda atividade!
2025-07-22 07:54:03.772 | INFO     | __main__:segunda_atividade:11 - minha segunda atividade!
2025-07-22 07:54:04.963 | INFO     | __main__:segunda_atividade:11 - minha segunda atividade!
2025-07-22 07:54:04.963 | INFO     | __main__:segunda_atividade:11 - minha segunda atividade!
2025-07-22 07:54:08.773 | INFO     | __main__:terceira_atividade:15 - minha terceira atividade!
2025-07-22 07:54:08.773 | INFO     | __main__:terceira_atividade:15 - minha terceira atividade!
2025-07-22 07:54:09.964 | INFO     | __main__:terceira_atividade:15 - minha terceira atividade!
2025-07-22 07:54:09.964 | INFO     | __main__:terceira_atividade:15 - minha terceira atividade!
2025-07-22 07:54:13.774 | INFO     | __main__:pipeline:24 - pipeline finalizou
2025-07-22 07:54:13.774 | INFO     | __main__:pipeline:24 - pipeline finalizou
2025-07-22 07:54:14.966 | INFO     | __main__:pipeline:24 - pipeline finalizou
2025-07-22 07:54:14.966 | INFO     | __main__:pipeline:24 - pipeline finalizou
2025-07-22 08:03:41.404 | INFO     | __main__:primeira_atividade:7 - minha primeira atividade!
2025-07-22 08:03:41.404 | INFO     | __main__:primeira_atividade:7 - minha primeira atividade!
2025-07-22 08:03:41.404 | INFO     | __main__:primeira_atividade:7 - minha primeira atividade!
2025-07-22 08:03:46.405 | INFO     | __main__:segunda_atividade:11 - minha segunda atividade!
2025-07-22 08:03:46.405 | INFO     | __main__:segunda_atividade:11 - minha segunda atividade!
2025-07-22 08:03:46.405 | INFO     | __main__:segunda_atividade:11 - minha segunda atividade!
2025-07-22 08:03:51.406 | INFO     | __main__:terceira_atividade:15 - minha terceira atividade!
2025-07-22 08:03:51.406 | INFO     | __main__:terceira_atividade:15 - minha terceira atividade!
2025-07-22 08:03:51.406 | INFO     | __main__:terceira_atividade:15 - minha terceira atividade!
2025-07-22 08:03:56.407 | INFO     | __main__:pipeline:24 - pipeline finalizou
2025-07-22 08:03:56.407 | INFO     | __main__:pipeline:24 - pipeline finalizou
2025-07-22 08:03:56.407 | INFO     | __main__:pipeline:24 - pipeline finalizou
2025-07-22 08:04:35.908 | INFO     | __main__:primeira_atividade:7 - minha primeira atividade!
2025-07-22 08:04:35.908 | INFO     | __main__:primeira_atividade:7 - minha primeira atividade!
2025-07-22 08:04:35.908 | INFO     | __main__:primeira_atividade:7 - minha primeira atividade!
2025-07-22 08:04:35.908 | INFO     | __main__:primeira_atividade:7 - minha primeira atividade!
2025-07-22 08:04:40.909 | INFO     | __main__:segunda_atividade:11 - minha segunda atividade!
2025-07-22 08:04:40.909 | INFO     | __main__:segunda_atividade:11 - minha segunda atividade!
2025-07-22 08:04:40.909 | INFO     | __main__:segunda_atividade:11 - minha segunda atividade!
2025-07-22 08:04:40.909 | INFO     | __main__:segunda_atividade:11 - minha segunda atividade!
2025-07-22 08:04:45.910 | INFO     | __main__:terceira_atividade:15 - minha terceira atividade!
2025-07-22 08:04:45.910 | INFO     | __main__:terceira_atividade:15 - minha terceira atividade!
2025-07-22 08:04:45.910 | INFO     | __main__:terceira_atividade:15 - minha terceira atividade!
2025-07-22 08:04:45.910 | INFO     | __main__:terceira_atividade:15 - minha terceira atividade!
2025-07-22 08:04:50.911 | INFO     | __main__:pipeline:24 - pipeline finalizou
2025-07-22 08:04:50.911 | INFO     | __main__:pipeline:24 - pipeline finalizou
2025-07-22 08:04:50.911 | INFO     | __main__:pipeline:24 - pipeline finalizou
2025-07-22 08:04:50.911 | INFO     | __main__:pipeline:24 - pipeline finalizou
2025-07-22 08:05:54.064 | INFO     | __main__:primeira_atividade:7 - minha primeira atividade!
2025-07-22 08:05:55.450 | INFO     | __main__:primeira_atividade:7 - minha primeira atividade!
2025-07-22 08:05:55.450 | INFO     | __main__:primeira_atividade:7 - minha primeira atividade!
2025-07-22 08:05:59.065 | INFO     | __main__:segunda_atividade:11 - minha segunda atividade!
2025-07-22 08:05:59.065 | INFO     | __main__:segunda_atividade:11 - minha segunda atividade!
2025-07-22 08:06:00.451 | INFO     | __main__:segunda_atividade:11 - minha segunda atividade!
2025-07-22 08:06:00.451 | INFO     | __main__:segunda_atividade:11 - minha segunda atividade!
2025-07-22 08:06:04.067 | INFO     | __main__:terceira_atividade:15 - minha terceira atividade!
2025-07-22 08:06:04.067 | INFO     | __main__:terceira_atividade:15 - minha terceira atividade!
2025-07-22 08:06:05.452 | INFO     | __main__:terceira_atividade:15 - minha terceira atividade!
2025-07-22 08:06:05.452 | INFO     | __main__:terceira_atividade:15 - minha terceira atividade!
2025-07-22 08:06:09.068 | INFO     | __main__:pipeline:24 - pipeline finalizou
2025-07-22 08:06:09.068 | INFO     | __main__:pipeline:24 - pipeline finalizou
2025-07-22 08:06:10.453 | INFO     | __main__:pipeline:24 - pipeline finalizou
2025-07-22 08:06:10.453 | INFO     | __main__:pipeline:24 - pipeline finalizou
2025-07-22 08:06:42.963 | INFO     | __main__:primeira_atividade:7 - minha primeira atividade!
2025-07-22 08:06:42.963 | INFO     | __main__:primeira_atividade:7 - minha primeira atividade!
2025-07-22 08:06:42.963 | INFO     | __main__:primeira_atividade:7 - minha primeira atividade!
2025-07-22 08:06:42.963 | INFO     | __main__:primeira_atividade:7 - minha primeira atividade!
2025-07-22 08:06:42.963 | INFO     | __main__:primeira_atividade:7 - minha primeira atividade!
2025-07-22 08:06:47.965 | INFO     | __main__:segunda_atividade:11 - minha segunda atividade!
2025-07-22 08:06:47.965 | INFO     | __main__:segunda_atividade:11 - minha segunda atividade!
2025-07-22 08:06:47.965 | INFO     | __main__:segunda_atividade:11 - minha segunda atividade!
2025-07-22 08:06:47.965 | INFO     | __main__:segunda_atividade:11 - minha segunda atividade!
2025-07-22 08:06:47.965 | INFO     | __main__:segunda_atividade:11 - minha segunda atividade!
2025-07-22 08:06:52.967 | INFO     | __main__:terceira_atividade:15 - minha terceira atividade!
2025-07-22 08:06:52.967 | INFO     | __main__:terceira_atividade:15 - minha terceira atividade!
2025-07-22 08:06:52.967 | INFO     | __main__:terceira_atividade:15 - minha terceira atividade!
2025-07-22 08:06:52.967 | INFO     | __main__:terceira_atividade:15 - minha terceira atividade!
2025-07-22 08:06:52.967 | INFO     | __main__:terceira_atividade:15 - minha terceira atividade!
2025-07-22 08:06:57.967 | INFO     | __main__:pipeline:24 - pipeline finalizou
2025-07-22 08:06:57.967 | INFO     | __main__:pipeline:24 - pipeline finalizou
2025-07-22 08:06:57.967 | INFO     | __main__:pipeline:24 - pipeline finalizou
2025-07-22 08:06:57.967 | INFO     | __main__:pipeline:24 - pipeline finalizou
2025-07-22 08:06:57.967 | INFO     | __main__:pipeline:24 - pipeline finalizou
